VehStatCo_Stat_DT 

Veh_FINISH 

Veh_READY 

Veh_RUNNING 

Veh_STANDBY 

Veh_START 

Veh_STOPPING 

Navigation_CMD_st_520_CAN3
Obj_distance_vision_534_CAN3
IMU_Heading_531_CAN3
ADAS_vel_cur_520_CAN3
Temp_3_537_CAN3
Deta_530_CAN3
Temp_2_537_CAN3
ADAS_work_st_512_CAN3
Obs_533_CAN3
Temp_1_537_CAN3
VelSpd_desire_512_CAN3
SteerAngle_desire_512_CAN3
Temp_4_537_CAN3
ADAS_HeartBeat_512_CAN3
ADAS_Stat_st_533_CAN3
VehStatCo_Stat_tiCrank_532_CAN3
VehStatCo_Stat_tiNrm_532_CAN3
VehStatCo_Stat_tiAftRun_533_CAN3
VehStatCo_Stat_st_532_CAN3
Driving_state_530_CAN3
Dfp_mp_532_CAN3
Radar_LatPos_534_CAN3
VisionObj_LonVel_521_CAN3
VisionObj_Width_521_CAN3
Vision_Length_521_CAN3
Radar_LonPos_534_CAN3
FLC_UPA_Distance_51_535_CAN3
FLC_UPA_Status_51_535_CAN3
FLM_UPA_Distance_51_535_CAN3
FLM_UPA_Status_51_535_CAN3
FRC_UPA_Distance_51_535_CAN3
FRC_UPA_Status_51_535_CAN3
FRM_UPA_Distance_51_535_CAN3
FRM_UPA_Status_51_535_CAN3
Time_difference_530_CAN3
VehDa_VehSpd_vel_532_CAN3
VehDa_VehSpd_a_532_CAN3
WarnningLamp_532_CAN3
VehAcs_IgnKey_st_532_CAN3
